<?xml version="1.0" encoding="UTF-8"?>
<!-- Generated by org.testng.reporters.JUnitReportReporter -->
<testsuite hostname="BLRJPT2190L" failures="0" tests="1" name="controller.Controller" time="2.770" errors="0" timestamp="09 Mar 2021 18:07:52 GMT" skipped="0">
  <testcase classname="controller.Controller" name="fillData" time="2.770"/>
</testsuite> <!-- controller.Controller -->
