<?xml version="1.0" encoding="UTF-8"?>
<!-- Generated by org.testng.reporters.JUnitReportReporter -->
<testsuite hostname="BLRJPT2190L" failures="0" tests="2" name="controller.Controller" time="5.644" errors="0" timestamp="16 Mar 2021 18:27:30 GMT" skipped="0">
  <testcase classname="controller.Controller" name="fillData" time="2.882"/>
  <testcase classname="controller.Controller" name="fillData" time="2.762"/>
</testsuite> <!-- controller.Controller -->
